<?xml version="1.0" encoding="UTF-8"?>
<!-- Generated by org.testng.reporters.JUnitXMLReporter -->
<testsuite hostname="DESKTOP-VFRVSQD" ignored="0" name="Test" tests="6" failures="0" timestamp="2020-06-12T11:38:32 IST" time="0.227" errors="0">
  <testcase name="IOSApp" time="0.01" classname="com.Basic.MavenJavaBasic.AppiumTest"/>
  <testcase name="NativeappAndroid" time="0.001" classname="com.Basic.MavenJavaBasic.AppiumTest"/>
  <testcase name="browserAutomation" time="0.001" classname="com.Basic.MavenJavaBasic.SelenuimTest"/>
  <testcase name="elementUi" time="0.001" classname="com.Basic.MavenJavaBasic.SelenuimTest"/>
  <testcase name="Postjira" time="0.001" classname="com.Basic.MavenJavaBasic.RestApiTest"/>
  <testcase name="TwitterApi" time="0.001" classname="com.Basic.MavenJavaBasic.RestApiTest"/>
</testsuite> <!-- Test -->
