<?xml version="1.0" encoding="UTF-8"?>
<testsuite xmlns:xsi="http://www.w3.org/2001/XMLSchema-instance" xsi:noNamespaceSchemaLocation="https://maven.apache.org/surefire/maven-surefire-plugin/xsd/surefire-test-report-3.0.xsd" version="3.0" name="TestSuite" time="19.329" tests="6" errors="0" skipped="0" failures="0">
  <properties>
[...]
</properties>
  <testcase name="IOSApp" classname="com.Basic.MavenJavaBasic.AppiumTest" time="0.014"/>
  <testcase name="NativeappAndroid" classname="com.Basic.MavenJavaBasic.AppiumTest" time="0.001"/>
  <testcase name="browserAutomation" classname="com.Basic.MavenJavaBasic.SelenuimTest" time="0"/>
  <testcase name="elementUi" classname="com.Basic.MavenJavaBasic.SelenuimTest" time="0.001"/>
  <testcase name="Postjira" classname="com.Basic.MavenJavaBasic.RestApiTest" time="0.001"/>
  <testcase name="TwitterApi" classname="com.Basic.MavenJavaBasic.RestApiTest" time="0.002"/>
</testsuite>