<?xml version="1.0" encoding="UTF-8"?>
<testng-results skipped="0" failed="0" ignored="0" total="6" passed="6">
  <reporter-output>
  </reporter-output>
  <suite name="Suite" duration-ms="227" started-at="2020-06-12T11:38:29 IST" finished-at="2020-06-12T11:38:30 IST">
    <groups>
    </groups>
    <test name="Test" duration-ms="227" started-at="2020-06-12T11:38:29 IST" finished-at="2020-06-12T11:38:30 IST">
      <class name="com.Basic.MavenJavaBasic.SelenuimTest">
        <test-method status="PASS" signature="browserAutomation()[pri:0, instance:com.Basic.MavenJavaBasic.SelenuimTest@544fe44c]" name="browserAutomation" duration-ms="1" started-at="2020-06-12T11:38:30 IST" finished-at="2020-06-12T11:38:30 IST">
          <reporter-output>
          </reporter-output>
        </test-method> <!-- browserAutomation -->
        <test-method status="PASS" signature="elementUi()[pri:0, instance:com.Basic.MavenJavaBasic.SelenuimTest@544fe44c]" name="elementUi" duration-ms="1" started-at="2020-06-12T11:38:30 IST" finished-at="2020-06-12T11:38:30 IST">
          <reporter-output>
          </reporter-output>
        </test-method> <!-- elementUi -->
      </class> <!-- com.Basic.MavenJavaBasic.SelenuimTest -->
      <class name="com.Basic.MavenJavaBasic.RestApiTest">
        <test-method status="PASS" signature="Postjira()[pri:0, instance:com.Basic.MavenJavaBasic.RestApiTest@31610302]" name="Postjira" duration-ms="1" started-at="2020-06-12T11:38:30 IST" finished-at="2020-06-12T11:38:30 IST">
          <reporter-output>
          </reporter-output>
        </test-method> <!-- Postjira -->
        <test-method status="PASS" signature="TwitterApi()[pri:0, instance:com.Basic.MavenJavaBasic.RestApiTest@31610302]" name="TwitterApi" duration-ms="1" started-at="2020-06-12T11:38:30 IST" finished-at="2020-06-12T11:38:30 IST">
          <reporter-output>
          </reporter-output>
        </test-method> <!-- TwitterApi -->
      </class> <!-- com.Basic.MavenJavaBasic.RestApiTest -->
      <class name="com.Basic.MavenJavaBasic.AppiumTest">
        <test-method status="PASS" signature="IOSApp()[pri:0, instance:com.Basic.MavenJavaBasic.AppiumTest@31dc339b]" name="IOSApp" duration-ms="10" started-at="2020-06-12T11:38:29 IST" finished-at="2020-06-12T11:38:30 IST">
          <reporter-output>
          </reporter-output>
        </test-method> <!-- IOSApp -->
        <test-method status="PASS" signature="NativeappAndroid()[pri:0, instance:com.Basic.MavenJavaBasic.AppiumTest@31dc339b]" name="NativeappAndroid" duration-ms="1" started-at="2020-06-12T11:38:30 IST" finished-at="2020-06-12T11:38:30 IST">
          <reporter-output>
          </reporter-output>
        </test-method> <!-- NativeappAndroid -->
      </class> <!-- com.Basic.MavenJavaBasic.AppiumTest -->
    </test> <!-- Test -->
  </suite> <!-- Suite -->
</testng-results>
